[0.079s] DEBUG:colcon:Command line arguments: ['/usr/bin/colcon', 'build']
[0.079s] DEBUG:colcon:Parsed command line arguments: Namespace(log_base=None, log_level=None, verb_name='build', build_base='build', install_base='install', merge_install=False, symlink_install=False, test_result_base=None, continue_on_error=False, executor='parallel', parallel_workers=4, event_handlers=None, ignore_user_meta=False, metas=['./colcon.meta'], base_paths=['.'], packages_ignore=None, packages_ignore_regex=None, paths=None, packages_up_to=None, packages_up_to_regex=None, packages_above=None, packages_above_and_dependencies=None, packages_above_depth=None, packages_select_by_dep=None, packages_skip_by_dep=None, packages_skip_up_to=None, packages_select_build_failed=False, packages_skip_build_finished=False, packages_select_test_failures=False, packages_skip_test_passed=False, packages_select=None, packages_skip=None, packages_select_regex=None, packages_skip_regex=None, packages_start=None, packages_end=None, allow_overriding=[], cmake_args=None, cmake_target=None, cmake_target_skip_unavailable=False, cmake_clean_cache=False, cmake_clean_first=False, cmake_force_configure=False, ament_cmake_args=None, catkin_cmake_args=None, catkin_skip_building_tests=False, mixin_files=None, mixin=None, verb_parser=<colcon_mixin.mixin.mixin_argument.MixinArgumentDecorator object at 0x7fd4131226b0>, verb_extension=<colcon_core.verb.build.BuildVerb object at 0x7fd4132b7f10>, main=<bound method BuildVerb.main of <colcon_core.verb.build.BuildVerb object at 0x7fd4132b7f10>>, mixin_verb=('build',))
[0.188s] Level 1:colcon.colcon_core.package_discovery:discover_packages(colcon_meta) check parameters
[0.188s] Level 1:colcon.colcon_core.package_discovery:discover_packages(recursive) check parameters
[0.188s] Level 1:colcon.colcon_core.package_discovery:discover_packages(ignore) check parameters
[0.188s] Level 1:colcon.colcon_core.package_discovery:discover_packages(path) check parameters
[0.188s] Level 1:colcon.colcon_core.package_discovery:discover_packages(colcon_meta) discover
[0.188s] Level 1:colcon.colcon_core.package_discovery:discover_packages(recursive) discover
[0.188s] INFO:colcon.colcon_core.package_discovery:Crawling recursively for packages in '/home/ubuntu/slam_proj/msi'
[0.188s] Level 1:colcon.colcon_core.package_identification:_identify(.) by extensions ['ignore', 'ignore_ament_install']
[0.188s] Level 1:colcon.colcon_core.package_identification:_identify(.) by extension 'ignore'
[0.188s] Level 1:colcon.colcon_core.package_identification:_identify(.) by extension 'ignore_ament_install'
[0.188s] Level 1:colcon.colcon_core.package_identification:_identify(.) by extensions ['colcon_pkg']
[0.188s] Level 1:colcon.colcon_core.package_identification:_identify(.) by extension 'colcon_pkg'
[0.188s] Level 1:colcon.colcon_core.package_identification:_identify(.) by extensions ['colcon_meta']
[0.188s] Level 1:colcon.colcon_core.package_identification:_identify(.) by extension 'colcon_meta'
[0.189s] Level 1:colcon.colcon_core.package_identification:_identify(.) by extensions ['ros']
[0.189s] Level 1:colcon.colcon_core.package_identification:_identify(.) by extension 'ros'
[0.195s] Level 1:colcon.colcon_core.package_identification:_identify(.) by extensions ['cmake', 'python']
[0.195s] Level 1:colcon.colcon_core.package_identification:_identify(.) by extension 'cmake'
[0.195s] Level 1:colcon.colcon_core.package_identification:_identify(.) by extension 'python'
[0.195s] Level 1:colcon.colcon_core.package_identification:_identify(.) by extensions ['python_setup_py']
[0.195s] Level 1:colcon.colcon_core.package_identification:_identify(.) by extension 'python_setup_py'
[0.195s] Level 1:colcon.colcon_core.package_identification:_identify(build) by extensions ['ignore', 'ignore_ament_install']
[0.196s] Level 1:colcon.colcon_core.package_identification:_identify(build) by extension 'ignore'
[0.196s] Level 1:colcon.colcon_core.package_identification:_identify(build) ignored
[0.196s] Level 1:colcon.colcon_core.package_identification:_identify(install) by extensions ['ignore', 'ignore_ament_install']
[0.196s] Level 1:colcon.colcon_core.package_identification:_identify(install) by extension 'ignore'
[0.196s] Level 1:colcon.colcon_core.package_identification:_identify(install) ignored
[0.196s] Level 1:colcon.colcon_core.package_identification:_identify(log) by extensions ['ignore', 'ignore_ament_install']
[0.196s] Level 1:colcon.colcon_core.package_identification:_identify(log) by extension 'ignore'
[0.196s] Level 1:colcon.colcon_core.package_identification:_identify(log) ignored
[0.196s] Level 1:colcon.colcon_core.package_identification:_identify(src) by extensions ['ignore', 'ignore_ament_install']
[0.196s] Level 1:colcon.colcon_core.package_identification:_identify(src) by extension 'ignore'
[0.196s] Level 1:colcon.colcon_core.package_identification:_identify(src) by extension 'ignore_ament_install'
[0.196s] Level 1:colcon.colcon_core.package_identification:_identify(src) by extensions ['colcon_pkg']
[0.196s] Level 1:colcon.colcon_core.package_identification:_identify(src) by extension 'colcon_pkg'
[0.196s] Level 1:colcon.colcon_core.package_identification:_identify(src) by extensions ['colcon_meta']
[0.196s] Level 1:colcon.colcon_core.package_identification:_identify(src) by extension 'colcon_meta'
[0.196s] Level 1:colcon.colcon_core.package_identification:_identify(src) by extensions ['ros']
[0.196s] Level 1:colcon.colcon_core.package_identification:_identify(src) by extension 'ros'
[0.196s] Level 1:colcon.colcon_core.package_identification:_identify(src) by extensions ['cmake', 'python']
[0.196s] Level 1:colcon.colcon_core.package_identification:_identify(src) by extension 'cmake'
[0.196s] Level 1:colcon.colcon_core.package_identification:_identify(src) by extension 'python'
[0.196s] Level 1:colcon.colcon_core.package_identification:_identify(src) by extensions ['python_setup_py']
[0.197s] Level 1:colcon.colcon_core.package_identification:_identify(src) by extension 'python_setup_py'
[0.197s] Level 1:colcon.colcon_core.package_identification:_identify(src/detect_depth) by extensions ['ignore', 'ignore_ament_install']
[0.197s] Level 1:colcon.colcon_core.package_identification:_identify(src/detect_depth) by extension 'ignore'
[0.197s] Level 1:colcon.colcon_core.package_identification:_identify(src/detect_depth) by extension 'ignore_ament_install'
[0.197s] Level 1:colcon.colcon_core.package_identification:_identify(src/detect_depth) by extensions ['colcon_pkg']
[0.197s] Level 1:colcon.colcon_core.package_identification:_identify(src/detect_depth) by extension 'colcon_pkg'
[0.197s] Level 1:colcon.colcon_core.package_identification:_identify(src/detect_depth) by extensions ['colcon_meta']
[0.197s] Level 1:colcon.colcon_core.package_identification:_identify(src/detect_depth) by extension 'colcon_meta'
[0.197s] Level 1:colcon.colcon_core.package_identification:_identify(src/detect_depth) by extensions ['ros']
[0.197s] Level 1:colcon.colcon_core.package_identification:_identify(src/detect_depth) by extension 'ros'
[0.198s] DEBUG:colcon.colcon_core.package_identification:Package 'src/detect_depth' with type 'ros.ament_python' and name 'detect_depth'
[0.198s] Level 1:colcon.colcon_core.package_identification:_identify(src/image_publisher) by extensions ['ignore', 'ignore_ament_install']
[0.198s] Level 1:colcon.colcon_core.package_identification:_identify(src/image_publisher) by extension 'ignore'
[0.198s] Level 1:colcon.colcon_core.package_identification:_identify(src/image_publisher) by extension 'ignore_ament_install'
[0.199s] Level 1:colcon.colcon_core.package_identification:_identify(src/image_publisher) by extensions ['colcon_pkg']
[0.199s] Level 1:colcon.colcon_core.package_identification:_identify(src/image_publisher) by extension 'colcon_pkg'
[0.199s] Level 1:colcon.colcon_core.package_identification:_identify(src/image_publisher) by extensions ['colcon_meta']
[0.199s] Level 1:colcon.colcon_core.package_identification:_identify(src/image_publisher) by extension 'colcon_meta'
[0.199s] Level 1:colcon.colcon_core.package_identification:_identify(src/image_publisher) by extensions ['ros']
[0.199s] Level 1:colcon.colcon_core.package_identification:_identify(src/image_publisher) by extension 'ros'
[0.199s] DEBUG:colcon.colcon_core.package_identification:Package 'src/image_publisher' with type 'ros.ament_python' and name 'image_publisher'
[0.199s] Level 1:colcon.colcon_core.package_identification:_identify(src/image_subscriber) by extensions ['ignore', 'ignore_ament_install']
[0.199s] Level 1:colcon.colcon_core.package_identification:_identify(src/image_subscriber) by extension 'ignore'
[0.199s] Level 1:colcon.colcon_core.package_identification:_identify(src/image_subscriber) by extension 'ignore_ament_install'
[0.199s] Level 1:colcon.colcon_core.package_identification:_identify(src/image_subscriber) by extensions ['colcon_pkg']
[0.199s] Level 1:colcon.colcon_core.package_identification:_identify(src/image_subscriber) by extension 'colcon_pkg'
[0.199s] Level 1:colcon.colcon_core.package_identification:_identify(src/image_subscriber) by extensions ['colcon_meta']
[0.199s] Level 1:colcon.colcon_core.package_identification:_identify(src/image_subscriber) by extension 'colcon_meta'
[0.199s] Level 1:colcon.colcon_core.package_identification:_identify(src/image_subscriber) by extensions ['ros']
[0.199s] Level 1:colcon.colcon_core.package_identification:_identify(src/image_subscriber) by extension 'ros'
[0.200s] DEBUG:colcon.colcon_core.package_identification:Package 'src/image_subscriber' with type 'ros.ament_python' and name 'image_subscriber'
[0.200s] Level 1:colcon.colcon_core.package_identification:_identify(src/turtlebot4_depth) by extensions ['ignore', 'ignore_ament_install']
[0.200s] Level 1:colcon.colcon_core.package_identification:_identify(src/turtlebot4_depth) by extension 'ignore'
[0.200s] Level 1:colcon.colcon_core.package_identification:_identify(src/turtlebot4_depth) by extension 'ignore_ament_install'
[0.200s] Level 1:colcon.colcon_core.package_identification:_identify(src/turtlebot4_depth) by extensions ['colcon_pkg']
[0.200s] Level 1:colcon.colcon_core.package_identification:_identify(src/turtlebot4_depth) by extension 'colcon_pkg'
[0.200s] Level 1:colcon.colcon_core.package_identification:_identify(src/turtlebot4_depth) by extensions ['colcon_meta']
[0.200s] Level 1:colcon.colcon_core.package_identification:_identify(src/turtlebot4_depth) by extension 'colcon_meta'
[0.200s] Level 1:colcon.colcon_core.package_identification:_identify(src/turtlebot4_depth) by extensions ['ros']
[0.200s] Level 1:colcon.colcon_core.package_identification:_identify(src/turtlebot4_depth) by extension 'ros'
[0.201s] DEBUG:colcon.colcon_core.package_identification:Package 'src/turtlebot4_depth' with type 'ros.ament_python' and name 'turtlebot4_depth'
[0.201s] Level 1:colcon.colcon_core.package_discovery:discover_packages(recursive) using defaults
[0.201s] Level 1:colcon.colcon_core.package_discovery:discover_packages(ignore) discover
[0.201s] Level 1:colcon.colcon_core.package_discovery:discover_packages(ignore) using defaults
[0.201s] Level 1:colcon.colcon_core.package_discovery:discover_packages(path) discover
[0.201s] Level 1:colcon.colcon_core.package_discovery:discover_packages(path) using defaults
[0.220s] Level 1:colcon.colcon_core.package_discovery:discover_packages(prefix_path) check parameters
[0.220s] Level 1:colcon.colcon_core.package_discovery:discover_packages(prefix_path) discover
[0.221s] DEBUG:colcon.colcon_installed_package_information.package_discovery:Found 321 installed packages in /opt/ros/humble
[0.222s] Level 1:colcon.colcon_core.package_discovery:discover_packages(prefix_path) using defaults
[0.247s] Level 5:colcon.colcon_core.verb:set package 'detect_depth' build argument 'cmake_args' from command line to 'None'
[0.247s] Level 5:colcon.colcon_core.verb:set package 'detect_depth' build argument 'cmake_target' from command line to 'None'
[0.247s] Level 5:colcon.colcon_core.verb:set package 'detect_depth' build argument 'cmake_target_skip_unavailable' from command line to 'False'
[0.247s] Level 5:colcon.colcon_core.verb:set package 'detect_depth' build argument 'cmake_clean_cache' from command line to 'False'
[0.247s] Level 5:colcon.colcon_core.verb:set package 'detect_depth' build argument 'cmake_clean_first' from command line to 'False'
[0.247s] Level 5:colcon.colcon_core.verb:set package 'detect_depth' build argument 'cmake_force_configure' from command line to 'False'
[0.247s] Level 5:colcon.colcon_core.verb:set package 'detect_depth' build argument 'ament_cmake_args' from command line to 'None'
[0.247s] Level 5:colcon.colcon_core.verb:set package 'detect_depth' build argument 'catkin_cmake_args' from command line to 'None'
[0.247s] Level 5:colcon.colcon_core.verb:set package 'detect_depth' build argument 'catkin_skip_building_tests' from command line to 'False'
[0.247s] DEBUG:colcon.colcon_core.verb:Building package 'detect_depth' with the following arguments: {'ament_cmake_args': None, 'build_base': '/home/ubuntu/slam_proj/msi/build/detect_depth', 'catkin_cmake_args': None, 'catkin_skip_building_tests': False, 'cmake_args': None, 'cmake_clean_cache': False, 'cmake_clean_first': False, 'cmake_force_configure': False, 'cmake_target': None, 'cmake_target_skip_unavailable': False, 'install_base': '/home/ubuntu/slam_proj/msi/install/detect_depth', 'merge_install': False, 'path': '/home/ubuntu/slam_proj/msi/src/detect_depth', 'symlink_install': False, 'test_result_base': None}
[0.248s] Level 5:colcon.colcon_core.verb:set package 'image_publisher' build argument 'cmake_args' from command line to 'None'
[0.248s] Level 5:colcon.colcon_core.verb:set package 'image_publisher' build argument 'cmake_target' from command line to 'None'
[0.248s] Level 5:colcon.colcon_core.verb:set package 'image_publisher' build argument 'cmake_target_skip_unavailable' from command line to 'False'
[0.248s] Level 5:colcon.colcon_core.verb:set package 'image_publisher' build argument 'cmake_clean_cache' from command line to 'False'
[0.248s] Level 5:colcon.colcon_core.verb:set package 'image_publisher' build argument 'cmake_clean_first' from command line to 'False'
[0.248s] Level 5:colcon.colcon_core.verb:set package 'image_publisher' build argument 'cmake_force_configure' from command line to 'False'
[0.248s] Level 5:colcon.colcon_core.verb:set package 'image_publisher' build argument 'ament_cmake_args' from command line to 'None'
[0.248s] Level 5:colcon.colcon_core.verb:set package 'image_publisher' build argument 'catkin_cmake_args' from command line to 'None'
[0.248s] Level 5:colcon.colcon_core.verb:set package 'image_publisher' build argument 'catkin_skip_building_tests' from command line to 'False'
[0.248s] DEBUG:colcon.colcon_core.verb:Building package 'image_publisher' with the following arguments: {'ament_cmake_args': None, 'build_base': '/home/ubuntu/slam_proj/msi/build/image_publisher', 'catkin_cmake_args': None, 'catkin_skip_building_tests': False, 'cmake_args': None, 'cmake_clean_cache': False, 'cmake_clean_first': False, 'cmake_force_configure': False, 'cmake_target': None, 'cmake_target_skip_unavailable': False, 'install_base': '/home/ubuntu/slam_proj/msi/install/image_publisher', 'merge_install': False, 'path': '/home/ubuntu/slam_proj/msi/src/image_publisher', 'symlink_install': False, 'test_result_base': None}
[0.248s] Level 5:colcon.colcon_core.verb:set package 'image_subscriber' build argument 'cmake_args' from command line to 'None'
[0.248s] Level 5:colcon.colcon_core.verb:set package 'image_subscriber' build argument 'cmake_target' from command line to 'None'
[0.248s] Level 5:colcon.colcon_core.verb:set package 'image_subscriber' build argument 'cmake_target_skip_unavailable' from command line to 'False'
[0.248s] Level 5:colcon.colcon_core.verb:set package 'image_subscriber' build argument 'cmake_clean_cache' from command line to 'False'
[0.248s] Level 5:colcon.colcon_core.verb:set package 'image_subscriber' build argument 'cmake_clean_first' from command line to 'False'
[0.248s] Level 5:colcon.colcon_core.verb:set package 'image_subscriber' build argument 'cmake_force_configure' from command line to 'False'
[0.248s] Level 5:colcon.colcon_core.verb:set package 'image_subscriber' build argument 'ament_cmake_args' from command line to 'None'
[0.248s] Level 5:colcon.colcon_core.verb:set package 'image_subscriber' build argument 'catkin_cmake_args' from command line to 'None'
[0.248s] Level 5:colcon.colcon_core.verb:set package 'image_subscriber' build argument 'catkin_skip_building_tests' from command line to 'False'
[0.248s] DEBUG:colcon.colcon_core.verb:Building package 'image_subscriber' with the following arguments: {'ament_cmake_args': None, 'build_base': '/home/ubuntu/slam_proj/msi/build/image_subscriber', 'catkin_cmake_args': None, 'catkin_skip_building_tests': False, 'cmake_args': None, 'cmake_clean_cache': False, 'cmake_clean_first': False, 'cmake_force_configure': False, 'cmake_target': None, 'cmake_target_skip_unavailable': False, 'install_base': '/home/ubuntu/slam_proj/msi/install/image_subscriber', 'merge_install': False, 'path': '/home/ubuntu/slam_proj/msi/src/image_subscriber', 'symlink_install': False, 'test_result_base': None}
[0.248s] Level 5:colcon.colcon_core.verb:set package 'turtlebot4_depth' build argument 'cmake_args' from command line to 'None'
[0.248s] Level 5:colcon.colcon_core.verb:set package 'turtlebot4_depth' build argument 'cmake_target' from command line to 'None'
[0.248s] Level 5:colcon.colcon_core.verb:set package 'turtlebot4_depth' build argument 'cmake_target_skip_unavailable' from command line to 'False'
[0.248s] Level 5:colcon.colcon_core.verb:set package 'turtlebot4_depth' build argument 'cmake_clean_cache' from command line to 'False'
[0.248s] Level 5:colcon.colcon_core.verb:set package 'turtlebot4_depth' build argument 'cmake_clean_first' from command line to 'False'
[0.248s] Level 5:colcon.colcon_core.verb:set package 'turtlebot4_depth' build argument 'cmake_force_configure' from command line to 'False'
[0.248s] Level 5:colcon.colcon_core.verb:set package 'turtlebot4_depth' build argument 'ament_cmake_args' from command line to 'None'
[0.248s] Level 5:colcon.colcon_core.verb:set package 'turtlebot4_depth' build argument 'catkin_cmake_args' from command line to 'None'
[0.248s] Level 5:colcon.colcon_core.verb:set package 'turtlebot4_depth' build argument 'catkin_skip_building_tests' from command line to 'False'
[0.248s] DEBUG:colcon.colcon_core.verb:Building package 'turtlebot4_depth' with the following arguments: {'ament_cmake_args': None, 'build_base': '/home/ubuntu/slam_proj/msi/build/turtlebot4_depth', 'catkin_cmake_args': None, 'catkin_skip_building_tests': False, 'cmake_args': None, 'cmake_clean_cache': False, 'cmake_clean_first': False, 'cmake_force_configure': False, 'cmake_target': None, 'cmake_target_skip_unavailable': False, 'install_base': '/home/ubuntu/slam_proj/msi/install/turtlebot4_depth', 'merge_install': False, 'path': '/home/ubuntu/slam_proj/msi/src/turtlebot4_depth', 'symlink_install': False, 'test_result_base': None}
[0.248s] INFO:colcon.colcon_core.executor:Executing jobs using 'parallel' executor
[0.249s] DEBUG:colcon.colcon_parallel_executor.executor.parallel:run_until_complete
[0.249s] INFO:colcon.colcon_ros.task.ament_python.build:Building ROS package in '/home/ubuntu/slam_proj/msi/src/detect_depth' with build type 'ament_python'
[0.250s] Level 1:colcon.colcon_core.shell:create_environment_hook('detect_depth', 'ament_prefix_path')
[0.251s] INFO:colcon.colcon_core.plugin_system:Skipping extension 'colcon_core.shell.bat': Not used on non-Windows systems
[0.251s] INFO:colcon.colcon_core.shell:Creating environment hook '/home/ubuntu/slam_proj/msi/install/detect_depth/share/detect_depth/hook/ament_prefix_path.ps1'
[0.252s] INFO:colcon.colcon_core.shell:Creating environment descriptor '/home/ubuntu/slam_proj/msi/install/detect_depth/share/detect_depth/hook/ament_prefix_path.dsv'
[0.252s] INFO:colcon.colcon_core.shell:Creating environment hook '/home/ubuntu/slam_proj/msi/install/detect_depth/share/detect_depth/hook/ament_prefix_path.sh'
[0.252s] INFO:colcon.colcon_core.shell:Skip shell extension 'powershell' for command environment: Not usable outside of PowerShell
[0.252s] DEBUG:colcon.colcon_core.shell:Skip shell extension 'dsv' for command environment
[0.254s] INFO:colcon.colcon_ros.task.ament_python.build:Building ROS package in '/home/ubuntu/slam_proj/msi/src/image_publisher' with build type 'ament_python'
[0.254s] Level 1:colcon.colcon_core.shell:create_environment_hook('image_publisher', 'ament_prefix_path')
[0.254s] INFO:colcon.colcon_core.shell:Creating environment hook '/home/ubuntu/slam_proj/msi/install/image_publisher/share/image_publisher/hook/ament_prefix_path.ps1'
[0.255s] INFO:colcon.colcon_core.shell:Creating environment descriptor '/home/ubuntu/slam_proj/msi/install/image_publisher/share/image_publisher/hook/ament_prefix_path.dsv'
[0.255s] INFO:colcon.colcon_core.shell:Creating environment hook '/home/ubuntu/slam_proj/msi/install/image_publisher/share/image_publisher/hook/ament_prefix_path.sh'
[0.255s] INFO:colcon.colcon_core.shell:Skip shell extension 'powershell' for command environment: Not usable outside of PowerShell
[0.255s] DEBUG:colcon.colcon_core.shell:Skip shell extension 'dsv' for command environment
[0.257s] INFO:colcon.colcon_ros.task.ament_python.build:Building ROS package in '/home/ubuntu/slam_proj/msi/src/image_subscriber' with build type 'ament_python'
[0.257s] Level 1:colcon.colcon_core.shell:create_environment_hook('image_subscriber', 'ament_prefix_path')
[0.258s] INFO:colcon.colcon_core.shell:Creating environment hook '/home/ubuntu/slam_proj/msi/install/image_subscriber/share/image_subscriber/hook/ament_prefix_path.ps1'
[0.258s] INFO:colcon.colcon_core.shell:Creating environment descriptor '/home/ubuntu/slam_proj/msi/install/image_subscriber/share/image_subscriber/hook/ament_prefix_path.dsv'
[0.259s] INFO:colcon.colcon_core.shell:Creating environment hook '/home/ubuntu/slam_proj/msi/install/image_subscriber/share/image_subscriber/hook/ament_prefix_path.sh'
[0.259s] INFO:colcon.colcon_core.shell:Skip shell extension 'powershell' for command environment: Not usable outside of PowerShell
[0.259s] DEBUG:colcon.colcon_core.shell:Skip shell extension 'dsv' for command environment
[0.262s] INFO:colcon.colcon_ros.task.ament_python.build:Building ROS package in '/home/ubuntu/slam_proj/msi/src/turtlebot4_depth' with build type 'ament_python'
[0.263s] Level 1:colcon.colcon_core.shell:create_environment_hook('turtlebot4_depth', 'ament_prefix_path')
[0.263s] INFO:colcon.colcon_core.shell:Creating environment hook '/home/ubuntu/slam_proj/msi/install/turtlebot4_depth/share/turtlebot4_depth/hook/ament_prefix_path.ps1'
[0.264s] INFO:colcon.colcon_core.shell:Creating environment descriptor '/home/ubuntu/slam_proj/msi/install/turtlebot4_depth/share/turtlebot4_depth/hook/ament_prefix_path.dsv'
[0.264s] INFO:colcon.colcon_core.shell:Creating environment hook '/home/ubuntu/slam_proj/msi/install/turtlebot4_depth/share/turtlebot4_depth/hook/ament_prefix_path.sh'
[0.264s] INFO:colcon.colcon_core.shell:Skip shell extension 'powershell' for command environment: Not usable outside of PowerShell
[0.264s] DEBUG:colcon.colcon_core.shell:Skip shell extension 'dsv' for command environment
[0.451s] INFO:colcon.colcon_core.task.python.build:Building Python package in '/home/ubuntu/slam_proj/msi/src/detect_depth'
[0.451s] INFO:colcon.colcon_core.shell:Skip shell extension 'powershell' for command environment: Not usable outside of PowerShell
[0.451s] DEBUG:colcon.colcon_core.shell:Skip shell extension 'dsv' for command environment
[0.625s] INFO:colcon.colcon_core.task.python.build:Building Python package in '/home/ubuntu/slam_proj/msi/src/image_publisher'
[0.625s] INFO:colcon.colcon_core.shell:Skip shell extension 'powershell' for command environment: Not usable outside of PowerShell
[0.625s] DEBUG:colcon.colcon_core.shell:Skip shell extension 'dsv' for command environment
[0.805s] INFO:colcon.colcon_core.task.python.build:Building Python package in '/home/ubuntu/slam_proj/msi/src/image_subscriber'
[0.805s] INFO:colcon.colcon_core.shell:Skip shell extension 'powershell' for command environment: Not usable outside of PowerShell
[0.805s] DEBUG:colcon.colcon_core.shell:Skip shell extension 'dsv' for command environment
[0.983s] INFO:colcon.colcon_core.task.python.build:Building Python package in '/home/ubuntu/slam_proj/msi/src/turtlebot4_depth'
[0.984s] INFO:colcon.colcon_core.shell:Skip shell extension 'powershell' for command environment: Not usable outside of PowerShell
[0.984s] DEBUG:colcon.colcon_core.shell:Skip shell extension 'dsv' for command environment
[1.252s] DEBUG:colcon.colcon_core.event_handler.log_command:Invoking command in '/home/ubuntu/slam_proj/msi/src/image_subscriber': PYTHONPATH=/home/ubuntu/slam_proj/msi/build/image_subscriber/prefix_override:/usr/lib/python3/dist-packages/colcon_core/task/python/colcon_distutils_commands:/home/ubuntu/slam_proj/msi/install/image_subscriber/lib/python3.10/site-packages:${PYTHONPATH} /usr/bin/python3 -W ignore:setup.py install is deprecated -W ignore:easy_install command is deprecated setup.py egg_info --egg-base ../../build/image_subscriber build --build-base /home/ubuntu/slam_proj/msi/build/image_subscriber/build install --record /home/ubuntu/slam_proj/msi/build/image_subscriber/install.log --single-version-externally-managed install_data
[1.267s] DEBUG:colcon.colcon_core.event_handler.log_command:Invoking command in '/home/ubuntu/slam_proj/msi/src/turtlebot4_depth': PYTHONPATH=/home/ubuntu/slam_proj/msi/build/turtlebot4_depth/prefix_override:/usr/lib/python3/dist-packages/colcon_core/task/python/colcon_distutils_commands:/home/ubuntu/slam_proj/msi/install/turtlebot4_depth/lib/python3.10/site-packages:${PYTHONPATH} /usr/bin/python3 -W ignore:setup.py install is deprecated -W ignore:easy_install command is deprecated setup.py egg_info --egg-base ../../build/turtlebot4_depth build --build-base /home/ubuntu/slam_proj/msi/build/turtlebot4_depth/build install --record /home/ubuntu/slam_proj/msi/build/turtlebot4_depth/install.log --single-version-externally-managed install_data
[1.274s] DEBUG:colcon.colcon_core.event_handler.log_command:Invoking command in '/home/ubuntu/slam_proj/msi/src/image_publisher': PYTHONPATH=/home/ubuntu/slam_proj/msi/build/image_publisher/prefix_override:/usr/lib/python3/dist-packages/colcon_core/task/python/colcon_distutils_commands:/home/ubuntu/slam_proj/msi/install/image_publisher/lib/python3.10/site-packages:${PYTHONPATH} /usr/bin/python3 -W ignore:setup.py install is deprecated -W ignore:easy_install command is deprecated setup.py egg_info --egg-base ../../build/image_publisher build --build-base /home/ubuntu/slam_proj/msi/build/image_publisher/build install --record /home/ubuntu/slam_proj/msi/build/image_publisher/install.log --single-version-externally-managed install_data
[1.275s] DEBUG:colcon.colcon_core.event_handler.log_command:Invoking command in '/home/ubuntu/slam_proj/msi/src/detect_depth': PYTHONPATH=/home/ubuntu/slam_proj/msi/build/detect_depth/prefix_override:/usr/lib/python3/dist-packages/colcon_core/task/python/colcon_distutils_commands:/home/ubuntu/slam_proj/msi/install/detect_depth/lib/python3.10/site-packages:${PYTHONPATH} /usr/bin/python3 -W ignore:setup.py install is deprecated -W ignore:easy_install command is deprecated setup.py egg_info --egg-base ../../build/detect_depth build --build-base /home/ubuntu/slam_proj/msi/build/detect_depth/build install --record /home/ubuntu/slam_proj/msi/build/detect_depth/install.log --single-version-externally-managed install_data
[1.499s] Level 1:colcon.colcon_core.environment:checking '/home/ubuntu/slam_proj/msi/install/image_subscriber' for CMake module files
[1.499s] Level 1:colcon.colcon_core.environment:checking '/home/ubuntu/slam_proj/msi/install/image_subscriber' for CMake config files
[1.500s] Level 1:colcon.colcon_core.environment:checking '/home/ubuntu/slam_proj/msi/install/image_subscriber/lib'
[1.500s] Level 1:colcon.colcon_core.environment:checking '/home/ubuntu/slam_proj/msi/install/image_subscriber/bin'
[1.500s] Level 1:colcon.colcon_core.environment:checking '/home/ubuntu/slam_proj/msi/install/image_subscriber/lib/pkgconfig/image_subscriber.pc'
[1.500s] Level 1:colcon.colcon_core.environment:checking '/home/ubuntu/slam_proj/msi/install/image_subscriber/lib/python3.10/site-packages'
[1.500s] Level 1:colcon.colcon_core.shell:create_environment_hook('image_subscriber', 'pythonpath')
[1.500s] INFO:colcon.colcon_core.shell:Creating environment hook '/home/ubuntu/slam_proj/msi/install/image_subscriber/share/image_subscriber/hook/pythonpath.ps1'
[1.501s] INFO:colcon.colcon_core.shell:Creating environment descriptor '/home/ubuntu/slam_proj/msi/install/image_subscriber/share/image_subscriber/hook/pythonpath.dsv'
[1.501s] DEBUG:colcon.colcon_core.event_handler.log_command:Invoked command in '/home/ubuntu/slam_proj/msi/src/image_subscriber' returned '0': PYTHONPATH=/home/ubuntu/slam_proj/msi/build/image_subscriber/prefix_override:/usr/lib/python3/dist-packages/colcon_core/task/python/colcon_distutils_commands:/home/ubuntu/slam_proj/msi/install/image_subscriber/lib/python3.10/site-packages:${PYTHONPATH} /usr/bin/python3 -W ignore:setup.py install is deprecated -W ignore:easy_install command is deprecated setup.py egg_info --egg-base ../../build/image_subscriber build --build-base /home/ubuntu/slam_proj/msi/build/image_subscriber/build install --record /home/ubuntu/slam_proj/msi/build/image_subscriber/install.log --single-version-externally-managed install_data
[1.501s] INFO:colcon.colcon_core.shell:Creating environment hook '/home/ubuntu/slam_proj/msi/install/image_subscriber/share/image_subscriber/hook/pythonpath.sh'
[1.502s] Level 1:colcon.colcon_core.environment:checking '/home/ubuntu/slam_proj/msi/install/image_subscriber/bin'
[1.502s] Level 1:colcon.colcon_core.environment:create_environment_scripts_only(image_subscriber)
[1.502s] INFO:colcon.colcon_core.shell:Creating package script '/home/ubuntu/slam_proj/msi/install/image_subscriber/share/image_subscriber/package.ps1'
[1.503s] INFO:colcon.colcon_core.shell:Creating package descriptor '/home/ubuntu/slam_proj/msi/install/image_subscriber/share/image_subscriber/package.dsv'
[1.503s] INFO:colcon.colcon_core.shell:Creating package script '/home/ubuntu/slam_proj/msi/install/image_subscriber/share/image_subscriber/package.sh'
[1.504s] INFO:colcon.colcon_core.shell:Creating package script '/home/ubuntu/slam_proj/msi/install/image_subscriber/share/image_subscriber/package.bash'
[1.504s] INFO:colcon.colcon_core.shell:Creating package script '/home/ubuntu/slam_proj/msi/install/image_subscriber/share/image_subscriber/package.zsh'
[1.505s] Level 1:colcon.colcon_core.environment:create_file_with_runtime_dependencies(/home/ubuntu/slam_proj/msi/install/image_subscriber/share/colcon-core/packages/image_subscriber)
[1.506s] Level 1:colcon.colcon_core.environment:checking '/home/ubuntu/slam_proj/msi/install/turtlebot4_depth' for CMake module files
[1.506s] Level 1:colcon.colcon_core.environment:checking '/home/ubuntu/slam_proj/msi/install/turtlebot4_depth' for CMake config files
[1.506s] DEBUG:colcon.colcon_core.event_handler.log_command:Invoked command in '/home/ubuntu/slam_proj/msi/src/turtlebot4_depth' returned '0': PYTHONPATH=/home/ubuntu/slam_proj/msi/build/turtlebot4_depth/prefix_override:/usr/lib/python3/dist-packages/colcon_core/task/python/colcon_distutils_commands:/home/ubuntu/slam_proj/msi/install/turtlebot4_depth/lib/python3.10/site-packages:${PYTHONPATH} /usr/bin/python3 -W ignore:setup.py install is deprecated -W ignore:easy_install command is deprecated setup.py egg_info --egg-base ../../build/turtlebot4_depth build --build-base /home/ubuntu/slam_proj/msi/build/turtlebot4_depth/build install --record /home/ubuntu/slam_proj/msi/build/turtlebot4_depth/install.log --single-version-externally-managed install_data
[1.507s] Level 1:colcon.colcon_core.environment:checking '/home/ubuntu/slam_proj/msi/install/turtlebot4_depth/lib'
[1.507s] Level 1:colcon.colcon_core.environment:checking '/home/ubuntu/slam_proj/msi/install/turtlebot4_depth/bin'
[1.507s] Level 1:colcon.colcon_core.environment:checking '/home/ubuntu/slam_proj/msi/install/turtlebot4_depth/lib/pkgconfig/turtlebot4_depth.pc'
[1.507s] Level 1:colcon.colcon_core.environment:checking '/home/ubuntu/slam_proj/msi/install/turtlebot4_depth/lib/python3.10/site-packages'
[1.507s] Level 1:colcon.colcon_core.shell:create_environment_hook('turtlebot4_depth', 'pythonpath')
[1.507s] INFO:colcon.colcon_core.shell:Creating environment hook '/home/ubuntu/slam_proj/msi/install/turtlebot4_depth/share/turtlebot4_depth/hook/pythonpath.ps1'
[1.508s] INFO:colcon.colcon_core.shell:Creating environment descriptor '/home/ubuntu/slam_proj/msi/install/turtlebot4_depth/share/turtlebot4_depth/hook/pythonpath.dsv'
[1.508s] INFO:colcon.colcon_core.shell:Creating environment hook '/home/ubuntu/slam_proj/msi/install/turtlebot4_depth/share/turtlebot4_depth/hook/pythonpath.sh'
[1.508s] Level 1:colcon.colcon_core.environment:checking '/home/ubuntu/slam_proj/msi/install/turtlebot4_depth/bin'
[1.508s] Level 1:colcon.colcon_core.environment:create_environment_scripts_only(turtlebot4_depth)
[1.508s] INFO:colcon.colcon_core.shell:Creating package script '/home/ubuntu/slam_proj/msi/install/turtlebot4_depth/share/turtlebot4_depth/package.ps1'
[1.509s] INFO:colcon.colcon_core.shell:Creating package descriptor '/home/ubuntu/slam_proj/msi/install/turtlebot4_depth/share/turtlebot4_depth/package.dsv'
[1.509s] INFO:colcon.colcon_core.shell:Creating package script '/home/ubuntu/slam_proj/msi/install/turtlebot4_depth/share/turtlebot4_depth/package.sh'
[1.510s] INFO:colcon.colcon_core.shell:Creating package script '/home/ubuntu/slam_proj/msi/install/turtlebot4_depth/share/turtlebot4_depth/package.bash'
[1.510s] INFO:colcon.colcon_core.shell:Creating package script '/home/ubuntu/slam_proj/msi/install/turtlebot4_depth/share/turtlebot4_depth/package.zsh'
[1.510s] Level 1:colcon.colcon_core.environment:create_file_with_runtime_dependencies(/home/ubuntu/slam_proj/msi/install/turtlebot4_depth/share/colcon-core/packages/turtlebot4_depth)
[1.511s] Level 1:colcon.colcon_core.environment:checking '/home/ubuntu/slam_proj/msi/install/image_publisher' for CMake module files
[1.512s] DEBUG:colcon.colcon_core.event_handler.log_command:Invoked command in '/home/ubuntu/slam_proj/msi/src/image_publisher' returned '0': PYTHONPATH=/home/ubuntu/slam_proj/msi/build/image_publisher/prefix_override:/usr/lib/python3/dist-packages/colcon_core/task/python/colcon_distutils_commands:/home/ubuntu/slam_proj/msi/install/image_publisher/lib/python3.10/site-packages:${PYTHONPATH} /usr/bin/python3 -W ignore:setup.py install is deprecated -W ignore:easy_install command is deprecated setup.py egg_info --egg-base ../../build/image_publisher build --build-base /home/ubuntu/slam_proj/msi/build/image_publisher/build install --record /home/ubuntu/slam_proj/msi/build/image_publisher/install.log --single-version-externally-managed install_data
[1.512s] Level 1:colcon.colcon_core.environment:checking '/home/ubuntu/slam_proj/msi/install/image_publisher' for CMake config files
[1.512s] Level 1:colcon.colcon_core.environment:checking '/home/ubuntu/slam_proj/msi/install/image_publisher/lib'
[1.512s] Level 1:colcon.colcon_core.environment:checking '/home/ubuntu/slam_proj/msi/install/image_publisher/bin'
[1.512s] Level 1:colcon.colcon_core.environment:checking '/home/ubuntu/slam_proj/msi/install/image_publisher/lib/pkgconfig/image_publisher.pc'
[1.512s] Level 1:colcon.colcon_core.environment:checking '/home/ubuntu/slam_proj/msi/install/image_publisher/lib/python3.10/site-packages'
[1.513s] Level 1:colcon.colcon_core.shell:create_environment_hook('image_publisher', 'pythonpath')
[1.513s] INFO:colcon.colcon_core.shell:Creating environment hook '/home/ubuntu/slam_proj/msi/install/image_publisher/share/image_publisher/hook/pythonpath.ps1'
[1.513s] INFO:colcon.colcon_core.shell:Creating environment descriptor '/home/ubuntu/slam_proj/msi/install/image_publisher/share/image_publisher/hook/pythonpath.dsv'
[1.514s] INFO:colcon.colcon_core.shell:Creating environment hook '/home/ubuntu/slam_proj/msi/install/image_publisher/share/image_publisher/hook/pythonpath.sh'
[1.514s] Level 1:colcon.colcon_core.environment:checking '/home/ubuntu/slam_proj/msi/install/image_publisher/bin'
[1.514s] Level 1:colcon.colcon_core.environment:create_environment_scripts_only(image_publisher)
[1.514s] INFO:colcon.colcon_core.shell:Creating package script '/home/ubuntu/slam_proj/msi/install/image_publisher/share/image_publisher/package.ps1'
[1.515s] INFO:colcon.colcon_core.shell:Creating package descriptor '/home/ubuntu/slam_proj/msi/install/image_publisher/share/image_publisher/package.dsv'
[1.515s] INFO:colcon.colcon_core.shell:Creating package script '/home/ubuntu/slam_proj/msi/install/image_publisher/share/image_publisher/package.sh'
[1.515s] INFO:colcon.colcon_core.shell:Creating package script '/home/ubuntu/slam_proj/msi/install/image_publisher/share/image_publisher/package.bash'
[1.516s] INFO:colcon.colcon_core.shell:Creating package script '/home/ubuntu/slam_proj/msi/install/image_publisher/share/image_publisher/package.zsh'
[1.516s] Level 1:colcon.colcon_core.environment:create_file_with_runtime_dependencies(/home/ubuntu/slam_proj/msi/install/image_publisher/share/colcon-core/packages/image_publisher)
[1.522s] Level 1:colcon.colcon_core.environment:checking '/home/ubuntu/slam_proj/msi/install/detect_depth' for CMake module files
[1.522s] DEBUG:colcon.colcon_core.event_handler.log_command:Invoked command in '/home/ubuntu/slam_proj/msi/src/detect_depth' returned '0': PYTHONPATH=/home/ubuntu/slam_proj/msi/build/detect_depth/prefix_override:/usr/lib/python3/dist-packages/colcon_core/task/python/colcon_distutils_commands:/home/ubuntu/slam_proj/msi/install/detect_depth/lib/python3.10/site-packages:${PYTHONPATH} /usr/bin/python3 -W ignore:setup.py install is deprecated -W ignore:easy_install command is deprecated setup.py egg_info --egg-base ../../build/detect_depth build --build-base /home/ubuntu/slam_proj/msi/build/detect_depth/build install --record /home/ubuntu/slam_proj/msi/build/detect_depth/install.log --single-version-externally-managed install_data
[1.522s] Level 1:colcon.colcon_core.environment:checking '/home/ubuntu/slam_proj/msi/install/detect_depth' for CMake config files
[1.523s] Level 1:colcon.colcon_core.environment:checking '/home/ubuntu/slam_proj/msi/install/detect_depth/lib'
[1.523s] Level 1:colcon.colcon_core.environment:checking '/home/ubuntu/slam_proj/msi/install/detect_depth/bin'
[1.523s] Level 1:colcon.colcon_core.environment:checking '/home/ubuntu/slam_proj/msi/install/detect_depth/lib/pkgconfig/detect_depth.pc'
[1.523s] Level 1:colcon.colcon_core.environment:checking '/home/ubuntu/slam_proj/msi/install/detect_depth/lib/python3.10/site-packages'
[1.523s] Level 1:colcon.colcon_core.shell:create_environment_hook('detect_depth', 'pythonpath')
[1.523s] INFO:colcon.colcon_core.shell:Creating environment hook '/home/ubuntu/slam_proj/msi/install/detect_depth/share/detect_depth/hook/pythonpath.ps1'
[1.523s] INFO:colcon.colcon_core.shell:Creating environment descriptor '/home/ubuntu/slam_proj/msi/install/detect_depth/share/detect_depth/hook/pythonpath.dsv'
[1.524s] INFO:colcon.colcon_core.shell:Creating environment hook '/home/ubuntu/slam_proj/msi/install/detect_depth/share/detect_depth/hook/pythonpath.sh'
[1.524s] Level 1:colcon.colcon_core.environment:checking '/home/ubuntu/slam_proj/msi/install/detect_depth/bin'
[1.524s] Level 1:colcon.colcon_core.environment:create_environment_scripts_only(detect_depth)
[1.524s] INFO:colcon.colcon_core.shell:Creating package script '/home/ubuntu/slam_proj/msi/install/detect_depth/share/detect_depth/package.ps1'
[1.524s] INFO:colcon.colcon_core.shell:Creating package descriptor '/home/ubuntu/slam_proj/msi/install/detect_depth/share/detect_depth/package.dsv'
[1.525s] INFO:colcon.colcon_core.shell:Creating package script '/home/ubuntu/slam_proj/msi/install/detect_depth/share/detect_depth/package.sh'
[1.525s] INFO:colcon.colcon_core.shell:Creating package script '/home/ubuntu/slam_proj/msi/install/detect_depth/share/detect_depth/package.bash'
[1.525s] INFO:colcon.colcon_core.shell:Creating package script '/home/ubuntu/slam_proj/msi/install/detect_depth/share/detect_depth/package.zsh'
[1.525s] Level 1:colcon.colcon_core.environment:create_file_with_runtime_dependencies(/home/ubuntu/slam_proj/msi/install/detect_depth/share/colcon-core/packages/detect_depth)
[1.526s] DEBUG:colcon.colcon_parallel_executor.executor.parallel:closing loop
[1.526s] DEBUG:colcon.colcon_parallel_executor.executor.parallel:loop closed
[1.526s] DEBUG:colcon.colcon_parallel_executor.executor.parallel:run_until_complete finished with '0'
[1.526s] DEBUG:colcon.colcon_core.event_reactor:joining thread
[1.530s] INFO:colcon.colcon_core.plugin_system:Skipping extension 'colcon_notification.desktop_notification.notify_send': Could not find 'notify-send'
[1.530s] INFO:colcon.colcon_core.plugin_system:Skipping extension 'colcon_notification.desktop_notification.terminal_notifier': Not used on non-Darwin systems
[1.530s] INFO:colcon.colcon_core.plugin_system:Skipping extension 'colcon_notification.desktop_notification.win32': Not used on non-Windows systems
[1.530s] INFO:colcon.colcon_notification.desktop_notification:Sending desktop notification using 'notify2'
[1.531s] DEBUG:colcon.colcon_notification.desktop_notification.notify2:Failed to initialize notify2: org.freedesktop.DBus.Error.ServiceUnknown: The name org.freedesktop.Notifications was not provided by any .service files
[1.531s] DEBUG:colcon.colcon_core.event_reactor:joined thread
[1.531s] INFO:colcon.colcon_core.shell:Creating prefix script '/home/ubuntu/slam_proj/msi/install/local_setup.ps1'
[1.532s] INFO:colcon.colcon_core.shell:Creating prefix util module '/home/ubuntu/slam_proj/msi/install/_local_setup_util_ps1.py'
[1.533s] INFO:colcon.colcon_core.shell:Creating prefix chain script '/home/ubuntu/slam_proj/msi/install/setup.ps1'
[1.534s] INFO:colcon.colcon_core.shell:Creating prefix script '/home/ubuntu/slam_proj/msi/install/local_setup.sh'
[1.534s] INFO:colcon.colcon_core.shell:Creating prefix util module '/home/ubuntu/slam_proj/msi/install/_local_setup_util_sh.py'
[1.535s] INFO:colcon.colcon_core.shell:Creating prefix chain script '/home/ubuntu/slam_proj/msi/install/setup.sh'
[1.535s] INFO:colcon.colcon_core.shell:Creating prefix script '/home/ubuntu/slam_proj/msi/install/local_setup.bash'
[1.536s] INFO:colcon.colcon_core.shell:Creating prefix chain script '/home/ubuntu/slam_proj/msi/install/setup.bash'
[1.537s] INFO:colcon.colcon_core.shell:Creating prefix script '/home/ubuntu/slam_proj/msi/install/local_setup.zsh'
[1.537s] INFO:colcon.colcon_core.shell:Creating prefix chain script '/home/ubuntu/slam_proj/msi/install/setup.zsh'
