running egg_info
writing ../../build/image_publisher/image_publisher.egg-info/PKG-INFO
writing dependency_links to ../../build/image_publisher/image_publisher.egg-info/dependency_links.txt
writing entry points to ../../build/image_publisher/image_publisher.egg-info/entry_points.txt
writing requirements to ../../build/image_publisher/image_publisher.egg-info/requires.txt
writing top-level names to ../../build/image_publisher/image_publisher.egg-info/top_level.txt
reading manifest file '../../build/image_publisher/image_publisher.egg-info/SOURCES.txt'
writing manifest file '../../build/image_publisher/image_publisher.egg-info/SOURCES.txt'
running build
running build_py
copying image_publisher/camera_publisher.py -> /home/ubuntu/slam_proj/msi/build/image_publisher/build/lib/image_publisher
running install
running install_lib
copying /home/ubuntu/slam_proj/msi/build/image_publisher/build/lib/image_publisher/camera_publisher.py -> /home/ubuntu/slam_proj/msi/install/image_publisher/lib/python3.10/site-packages/image_publisher
byte-compiling /home/ubuntu/slam_proj/msi/install/image_publisher/lib/python3.10/site-packages/image_publisher/camera_publisher.py to camera_publisher.cpython-310.pyc
/home/ubuntu/slam_proj/msi/install/image_publisher/lib/python3.10/site-packages/image_publisher/camera_publisher.py:15: SyntaxWarning: 'NoneType' object is not callable; perhaps you missed a comma?
  if self.pub_img is None():
running install_data
running install_egg_info
removing '/home/ubuntu/slam_proj/msi/install/image_publisher/lib/python3.10/site-packages/image_publisher-0.0.0-py3.10.egg-info' (and everything under it)
Copying ../../build/image_publisher/image_publisher.egg-info to /home/ubuntu/slam_proj/msi/install/image_publisher/lib/python3.10/site-packages/image_publisher-0.0.0-py3.10.egg-info
running install_scripts
Installing camera_publisher script to /home/ubuntu/slam_proj/msi/install/image_publisher/lib/image_publisher
writing list of installed files to '/home/ubuntu/slam_proj/msi/build/image_publisher/install.log'
