[0.614s] Invoking command in '/home/ubuntu/slam_proj/msi/src/image_publisher': PYTHONPATH=/home/ubuntu/slam_proj/msi/build/image_publisher/prefix_override:/usr/lib/python3/dist-packages/colcon_core/task/python/colcon_distutils_commands:/home/ubuntu/slam_proj/msi/install/image_publisher/lib/python3.10/site-packages:${PYTHONPATH} /usr/bin/python3 -W ignore:setup.py install is deprecated -W ignore:easy_install command is deprecated setup.py egg_info --egg-base ../../build/image_publisher build --build-base /home/ubuntu/slam_proj/msi/build/image_publisher/build install --record /home/ubuntu/slam_proj/msi/build/image_publisher/install.log --single-version-externally-managed install_data
[0.792s] running egg_info
[0.793s] writing ../../build/image_publisher/image_publisher.egg-info/PKG-INFO
[0.793s] writing dependency_links to ../../build/image_publisher/image_publisher.egg-info/dependency_links.txt
[0.793s] writing entry points to ../../build/image_publisher/image_publisher.egg-info/entry_points.txt
[0.793s] writing requirements to ../../build/image_publisher/image_publisher.egg-info/requires.txt
[0.793s] writing top-level names to ../../build/image_publisher/image_publisher.egg-info/top_level.txt
[0.794s] reading manifest file '../../build/image_publisher/image_publisher.egg-info/SOURCES.txt'
[0.795s] writing manifest file '../../build/image_publisher/image_publisher.egg-info/SOURCES.txt'
[0.795s] running build
[0.795s] running build_py
[0.795s] copying image_publisher/camera_publisher.py -> /home/ubuntu/slam_proj/msi/build/image_publisher/build/lib/image_publisher
[0.796s] running install
[0.796s] running install_lib
[0.797s] copying /home/ubuntu/slam_proj/msi/build/image_publisher/build/lib/image_publisher/camera_publisher.py -> /home/ubuntu/slam_proj/msi/install/image_publisher/lib/python3.10/site-packages/image_publisher
[0.797s] byte-compiling /home/ubuntu/slam_proj/msi/install/image_publisher/lib/python3.10/site-packages/image_publisher/camera_publisher.py to camera_publisher.cpython-310.pyc
[0.797s] /home/ubuntu/slam_proj/msi/install/image_publisher/lib/python3.10/site-packages/image_publisher/camera_publisher.py:15: SyntaxWarning: 'NoneType' object is not callable; perhaps you missed a comma?
[0.798s]   if self.pub_img is None():
[0.798s] running install_data
[0.798s] running install_egg_info
[0.799s] removing '/home/ubuntu/slam_proj/msi/install/image_publisher/lib/python3.10/site-packages/image_publisher-0.0.0-py3.10.egg-info' (and everything under it)
[0.799s] Copying ../../build/image_publisher/image_publisher.egg-info to /home/ubuntu/slam_proj/msi/install/image_publisher/lib/python3.10/site-packages/image_publisher-0.0.0-py3.10.egg-info
[0.800s] running install_scripts
[0.815s] Installing camera_publisher script to /home/ubuntu/slam_proj/msi/install/image_publisher/lib/image_publisher
[0.815s] writing list of installed files to '/home/ubuntu/slam_proj/msi/build/image_publisher/install.log'
[0.837s] Invoked command in '/home/ubuntu/slam_proj/msi/src/image_publisher' returned '0': PYTHONPATH=/home/ubuntu/slam_proj/msi/build/image_publisher/prefix_override:/usr/lib/python3/dist-packages/colcon_core/task/python/colcon_distutils_commands:/home/ubuntu/slam_proj/msi/install/image_publisher/lib/python3.10/site-packages:${PYTHONPATH} /usr/bin/python3 -W ignore:setup.py install is deprecated -W ignore:easy_install command is deprecated setup.py egg_info --egg-base ../../build/image_publisher build --build-base /home/ubuntu/slam_proj/msi/build/image_publisher/build install --record /home/ubuntu/slam_proj/msi/build/image_publisher/install.log --single-version-externally-managed install_data
