running egg_info
creating ../../build/turtlebot4_depth/turtlebot4_depth.egg-info
writing ../../build/turtlebot4_depth/turtlebot4_depth.egg-info/PKG-INFO
writing dependency_links to ../../build/turtlebot4_depth/turtlebot4_depth.egg-info/dependency_links.txt
writing entry points to ../../build/turtlebot4_depth/turtlebot4_depth.egg-info/entry_points.txt
writing requirements to ../../build/turtlebot4_depth/turtlebot4_depth.egg-info/requires.txt
writing top-level names to ../../build/turtlebot4_depth/turtlebot4_depth.egg-info/top_level.txt
writing manifest file '../../build/turtlebot4_depth/turtlebot4_depth.egg-info/SOURCES.txt'
reading manifest file '../../build/turtlebot4_depth/turtlebot4_depth.egg-info/SOURCES.txt'
writing manifest file '../../build/turtlebot4_depth/turtlebot4_depth.egg-info/SOURCES.txt'
running build
running build_py
creating /home/ubuntu/slam_proj/msi/build/turtlebot4_depth/build
creating /home/ubuntu/slam_proj/msi/build/turtlebot4_depth/build/lib
creating /home/ubuntu/slam_proj/msi/build/turtlebot4_depth/build/lib/turtlebot4_depth
copying turtlebot4_depth/__init__.py -> /home/ubuntu/slam_proj/msi/build/turtlebot4_depth/build/lib/turtlebot4_depth
copying turtlebot4_depth/depth_checker.py -> /home/ubuntu/slam_proj/msi/build/turtlebot4_depth/build/lib/turtlebot4_depth
running install
running install_lib
creating /home/ubuntu/slam_proj/msi/install/turtlebot4_depth/lib/python3.10/site-packages/turtlebot4_depth
copying /home/ubuntu/slam_proj/msi/build/turtlebot4_depth/build/lib/turtlebot4_depth/__init__.py -> /home/ubuntu/slam_proj/msi/install/turtlebot4_depth/lib/python3.10/site-packages/turtlebot4_depth
copying /home/ubuntu/slam_proj/msi/build/turtlebot4_depth/build/lib/turtlebot4_depth/depth_checker.py -> /home/ubuntu/slam_proj/msi/install/turtlebot4_depth/lib/python3.10/site-packages/turtlebot4_depth
byte-compiling /home/ubuntu/slam_proj/msi/install/turtlebot4_depth/lib/python3.10/site-packages/turtlebot4_depth/__init__.py to __init__.cpython-310.pyc
byte-compiling /home/ubuntu/slam_proj/msi/install/turtlebot4_depth/lib/python3.10/site-packages/turtlebot4_depth/depth_checker.py to depth_checker.cpython-310.pyc
running install_data
creating /home/ubuntu/slam_proj/msi/install/turtlebot4_depth/share/ament_index
creating /home/ubuntu/slam_proj/msi/install/turtlebot4_depth/share/ament_index/resource_index
creating /home/ubuntu/slam_proj/msi/install/turtlebot4_depth/share/ament_index/resource_index/packages
copying resource/turtlebot4_depth -> /home/ubuntu/slam_proj/msi/install/turtlebot4_depth/share/ament_index/resource_index/packages
copying package.xml -> /home/ubuntu/slam_proj/msi/install/turtlebot4_depth/share/turtlebot4_depth
running install_egg_info
Copying ../../build/turtlebot4_depth/turtlebot4_depth.egg-info to /home/ubuntu/slam_proj/msi/install/turtlebot4_depth/lib/python3.10/site-packages/turtlebot4_depth-0.0.0-py3.10.egg-info
running install_scripts
Installing depth_checker script to /home/ubuntu/slam_proj/msi/install/turtlebot4_depth/lib/turtlebot4_depth
writing list of installed files to '/home/ubuntu/slam_proj/msi/build/turtlebot4_depth/install.log'
