[1.020s] Invoking command in '/home/ubuntu/slam_proj/msi/src/image_publisher': PYTHONPATH=/home/ubuntu/slam_proj/msi/build/image_publisher/prefix_override:/usr/lib/python3/dist-packages/colcon_core/task/python/colcon_distutils_commands:/home/ubuntu/slam_proj/msi/install/image_publisher/lib/python3.10/site-packages:${PYTHONPATH} /usr/bin/python3 -W ignore:setup.py install is deprecated -W ignore:easy_install command is deprecated setup.py egg_info --egg-base ../../build/image_publisher build --build-base /home/ubuntu/slam_proj/msi/build/image_publisher/build install --record /home/ubuntu/slam_proj/msi/build/image_publisher/install.log --single-version-externally-managed install_data
[1.202s] running egg_info
[1.202s] writing ../../build/image_publisher/image_publisher.egg-info/PKG-INFO
[1.202s] writing dependency_links to ../../build/image_publisher/image_publisher.egg-info/dependency_links.txt
[1.202s] writing entry points to ../../build/image_publisher/image_publisher.egg-info/entry_points.txt
[1.203s] writing requirements to ../../build/image_publisher/image_publisher.egg-info/requires.txt
[1.203s] writing top-level names to ../../build/image_publisher/image_publisher.egg-info/top_level.txt
[1.204s] reading manifest file '../../build/image_publisher/image_publisher.egg-info/SOURCES.txt'
[1.204s] writing manifest file '../../build/image_publisher/image_publisher.egg-info/SOURCES.txt'
[1.205s] running build
[1.205s] running build_py
[1.205s] running install
[1.205s] running install_lib
[1.206s] running install_data
[1.206s] running install_egg_info
[1.208s] removing '/home/ubuntu/slam_proj/msi/install/image_publisher/lib/python3.10/site-packages/image_publisher-0.0.0-py3.10.egg-info' (and everything under it)
[1.208s] Copying ../../build/image_publisher/image_publisher.egg-info to /home/ubuntu/slam_proj/msi/install/image_publisher/lib/python3.10/site-packages/image_publisher-0.0.0-py3.10.egg-info
[1.208s] running install_scripts
[1.226s] Installing camera_publisher script to /home/ubuntu/slam_proj/msi/install/image_publisher/lib/image_publisher
[1.226s] writing list of installed files to '/home/ubuntu/slam_proj/msi/build/image_publisher/install.log'
[1.258s] Invoked command in '/home/ubuntu/slam_proj/msi/src/image_publisher' returned '0': PYTHONPATH=/home/ubuntu/slam_proj/msi/build/image_publisher/prefix_override:/usr/lib/python3/dist-packages/colcon_core/task/python/colcon_distutils_commands:/home/ubuntu/slam_proj/msi/install/image_publisher/lib/python3.10/site-packages:${PYTHONPATH} /usr/bin/python3 -W ignore:setup.py install is deprecated -W ignore:easy_install command is deprecated setup.py egg_info --egg-base ../../build/image_publisher build --build-base /home/ubuntu/slam_proj/msi/build/image_publisher/build install --record /home/ubuntu/slam_proj/msi/build/image_publisher/install.log --single-version-externally-managed install_data
