[0.616s] Invoking command in '/home/ubuntu/slam_proj/msi/src/image_publisher': PYTHONPATH=/home/ubuntu/slam_proj/msi/build/image_publisher/prefix_override:/usr/lib/python3/dist-packages/colcon_core/task/python/colcon_distutils_commands:/home/ubuntu/slam_proj/msi/install/image_publisher/lib/python3.10/site-packages:${PYTHONPATH} /usr/bin/python3 -W ignore:setup.py install is deprecated -W ignore:easy_install command is deprecated setup.py egg_info --egg-base ../../build/image_publisher build --build-base /home/ubuntu/slam_proj/msi/build/image_publisher/build install --record /home/ubuntu/slam_proj/msi/build/image_publisher/install.log --single-version-externally-managed install_data
[0.780s] running egg_info
[0.780s] writing ../../build/image_publisher/image_publisher.egg-info/PKG-INFO
[0.780s] writing dependency_links to ../../build/image_publisher/image_publisher.egg-info/dependency_links.txt
[0.781s] writing entry points to ../../build/image_publisher/image_publisher.egg-info/entry_points.txt
[0.781s] writing requirements to ../../build/image_publisher/image_publisher.egg-info/requires.txt
[0.781s] writing top-level names to ../../build/image_publisher/image_publisher.egg-info/top_level.txt
[0.783s] reading manifest file '../../build/image_publisher/image_publisher.egg-info/SOURCES.txt'
[0.783s] writing manifest file '../../build/image_publisher/image_publisher.egg-info/SOURCES.txt'
[0.783s] running build
[0.783s] running build_py
[0.783s] copying image_publisher/camera_publisher.py -> /home/ubuntu/slam_proj/msi/build/image_publisher/build/lib/image_publisher
[0.783s] running install
[0.783s] running install_lib
[0.784s] copying /home/ubuntu/slam_proj/msi/build/image_publisher/build/lib/image_publisher/camera_publisher.py -> /home/ubuntu/slam_proj/msi/install/image_publisher/lib/python3.10/site-packages/image_publisher
[0.784s] byte-compiling /home/ubuntu/slam_proj/msi/install/image_publisher/lib/python3.10/site-packages/image_publisher/camera_publisher.py to camera_publisher.cpython-310.pyc
[0.784s] running install_data
[0.784s] running install_egg_info
[0.785s] removing '/home/ubuntu/slam_proj/msi/install/image_publisher/lib/python3.10/site-packages/image_publisher-0.0.0-py3.10.egg-info' (and everything under it)
[0.785s] Copying ../../build/image_publisher/image_publisher.egg-info to /home/ubuntu/slam_proj/msi/install/image_publisher/lib/python3.10/site-packages/image_publisher-0.0.0-py3.10.egg-info
[0.786s] running install_scripts
[0.799s] Installing camera_publisher script to /home/ubuntu/slam_proj/msi/install/image_publisher/lib/image_publisher
[0.799s] writing list of installed files to '/home/ubuntu/slam_proj/msi/build/image_publisher/install.log'
[0.827s] Invoked command in '/home/ubuntu/slam_proj/msi/src/image_publisher' returned '0': PYTHONPATH=/home/ubuntu/slam_proj/msi/build/image_publisher/prefix_override:/usr/lib/python3/dist-packages/colcon_core/task/python/colcon_distutils_commands:/home/ubuntu/slam_proj/msi/install/image_publisher/lib/python3.10/site-packages:${PYTHONPATH} /usr/bin/python3 -W ignore:setup.py install is deprecated -W ignore:easy_install command is deprecated setup.py egg_info --egg-base ../../build/image_publisher build --build-base /home/ubuntu/slam_proj/msi/build/image_publisher/build install --record /home/ubuntu/slam_proj/msi/build/image_publisher/install.log --single-version-externally-managed install_data
