[0.446s] Invoking command in '/home/ubuntu/slam_proj/msi/src/image_publisher': PYTHONPATH=/home/ubuntu/slam_proj/msi/build/image_publisher/prefix_override:/usr/lib/python3/dist-packages/colcon_core/task/python/colcon_distutils_commands:/home/ubuntu/slam_proj/msi/install/image_publisher/lib/python3.10/site-packages:${PYTHONPATH} /usr/bin/python3 -W ignore:setup.py install is deprecated -W ignore:easy_install command is deprecated setup.py egg_info --egg-base ../../build/image_publisher build --build-base /home/ubuntu/slam_proj/msi/build/image_publisher/build install --record /home/ubuntu/slam_proj/msi/build/image_publisher/install.log --single-version-externally-managed install_data
[0.604s] running egg_info
[0.605s] creating ../../build/image_publisher/image_publisher.egg-info
[0.605s] writing ../../build/image_publisher/image_publisher.egg-info/PKG-INFO
[0.605s] writing dependency_links to ../../build/image_publisher/image_publisher.egg-info/dependency_links.txt
[0.605s] writing entry points to ../../build/image_publisher/image_publisher.egg-info/entry_points.txt
[0.605s] writing requirements to ../../build/image_publisher/image_publisher.egg-info/requires.txt
[0.605s] writing top-level names to ../../build/image_publisher/image_publisher.egg-info/top_level.txt
[0.605s] writing manifest file '../../build/image_publisher/image_publisher.egg-info/SOURCES.txt'
[0.605s] reading manifest file '../../build/image_publisher/image_publisher.egg-info/SOURCES.txt'
[0.606s] writing manifest file '../../build/image_publisher/image_publisher.egg-info/SOURCES.txt'
[0.606s] running build
[0.606s] running build_py
[0.606s] creating /home/ubuntu/slam_proj/msi/build/image_publisher/build
[0.606s] creating /home/ubuntu/slam_proj/msi/build/image_publisher/build/lib
[0.606s] creating /home/ubuntu/slam_proj/msi/build/image_publisher/build/lib/image_publisher
[0.606s] copying image_publisher/camera_publisher.py -> /home/ubuntu/slam_proj/msi/build/image_publisher/build/lib/image_publisher
[0.606s] copying image_publisher/__init__.py -> /home/ubuntu/slam_proj/msi/build/image_publisher/build/lib/image_publisher
[0.606s] running install
[0.607s] running install_lib
[0.607s] creating /home/ubuntu/slam_proj/msi/install/image_publisher/lib/python3.10/site-packages/image_publisher
[0.607s] copying /home/ubuntu/slam_proj/msi/build/image_publisher/build/lib/image_publisher/camera_publisher.py -> /home/ubuntu/slam_proj/msi/install/image_publisher/lib/python3.10/site-packages/image_publisher
[0.607s] copying /home/ubuntu/slam_proj/msi/build/image_publisher/build/lib/image_publisher/__init__.py -> /home/ubuntu/slam_proj/msi/install/image_publisher/lib/python3.10/site-packages/image_publisher
[0.608s] byte-compiling /home/ubuntu/slam_proj/msi/install/image_publisher/lib/python3.10/site-packages/image_publisher/camera_publisher.py to camera_publisher.cpython-310.pyc
[0.608s] byte-compiling /home/ubuntu/slam_proj/msi/install/image_publisher/lib/python3.10/site-packages/image_publisher/__init__.py to __init__.cpython-310.pyc
[0.608s] running install_data
[0.608s] creating /home/ubuntu/slam_proj/msi/install/image_publisher/share/ament_index
[0.608s] creating /home/ubuntu/slam_proj/msi/install/image_publisher/share/ament_index/resource_index
[0.608s] creating /home/ubuntu/slam_proj/msi/install/image_publisher/share/ament_index/resource_index/packages
[0.608s] copying resource/image_publisher -> /home/ubuntu/slam_proj/msi/install/image_publisher/share/ament_index/resource_index/packages
[0.608s] copying package.xml -> /home/ubuntu/slam_proj/msi/install/image_publisher/share/image_publisher
[0.608s] running install_egg_info
[0.610s] Copying ../../build/image_publisher/image_publisher.egg-info to /home/ubuntu/slam_proj/msi/install/image_publisher/lib/python3.10/site-packages/image_publisher-0.0.0-py3.10.egg-info
[0.610s] running install_scripts
[0.626s] Installing camera_publisher script to /home/ubuntu/slam_proj/msi/install/image_publisher/lib/image_publisher
[0.626s] writing list of installed files to '/home/ubuntu/slam_proj/msi/build/image_publisher/install.log'
[0.643s] Invoked command in '/home/ubuntu/slam_proj/msi/src/image_publisher' returned '0': PYTHONPATH=/home/ubuntu/slam_proj/msi/build/image_publisher/prefix_override:/usr/lib/python3/dist-packages/colcon_core/task/python/colcon_distutils_commands:/home/ubuntu/slam_proj/msi/install/image_publisher/lib/python3.10/site-packages:${PYTHONPATH} /usr/bin/python3 -W ignore:setup.py install is deprecated -W ignore:easy_install command is deprecated setup.py egg_info --egg-base ../../build/image_publisher build --build-base /home/ubuntu/slam_proj/msi/build/image_publisher/build install --record /home/ubuntu/slam_proj/msi/build/image_publisher/install.log --single-version-externally-managed install_data
